2023-07-16 01:05:08.690 +06:00 [INF] THE Application Starts here
2023-07-16 22:39:14.949 +06:00 [INF] THE Application Starts here
2023-07-16 22:46:24.455 +06:00 [INF] THE Application Starts here
2023-07-16 22:53:59.923 +06:00 [INF] THE Application Starts here
2023-07-16 22:56:13.464 +06:00 [ERR] An unhandled exception has occurred while executing the request.
System.ArgumentException: Value cannot be empty. (Parameter 'ordering')
   at System.Linq.Dynamic.Core.Validation.Check.NotNullOrWhiteSpace(String value, String parameterName)
   at System.Linq.Dynamic.Core.Validation.Check.NotEmpty(String value, String parameterName)
   at System.Linq.Dynamic.Core.DynamicQueryableExtensions.InternalOrderBy(IQueryable source, ParsingConfig config, String ordering, Object comparer, Object[] args)
   at System.Linq.Dynamic.Core.DynamicQueryableExtensions.OrderBy(IQueryable source, ParsingConfig config, String ordering, Object[] args)
   at System.Linq.Dynamic.Core.DynamicQueryableExtensions.OrderBy[TSource](IQueryable`1 source, ParsingConfig config, String ordering, Object[] args)
   at System.Linq.Dynamic.Core.DynamicQueryableExtensions.OrderBy[TSource](IQueryable`1 source, String ordering, Object[] args)
   at Inven_Lib.Repositories.Repository`2.GetDynamic(Expression`1 filter, String orderBy, String includeProperties, Int32 pageIndex, Int32 pageSize, Boolean isTrackingOff) in C:\mentorship_works\DotNEt Learnings\Inventory_Manager\Inven_Lib\Repositories\Repository.cs:line 170
   at Inven_Lib.Services.ItemServices.GetItems(Int32 pageIndex, Int32 pageSize, String searchText, String orderby) in C:\mentorship_works\DotNEt Learnings\Inventory_Manager\Inven_Lib\Services\ItemServices.cs:line 38
   at InventoryManager.Areas.Manager.Models.ItemListModel.GetPagedItems(DataTablesAjaxRequestModel model) in C:\mentorship_works\DotNEt Learnings\Inventory_Manager\InventoryManager\Areas\Manager\Models\ItemListModel.cs:line 28
   at InventoryManager.Areas.Manager.Controllers.Inven_Controller.GetItem() in C:\mentorship_works\DotNEt Learnings\Inventory_Manager\InventoryManager\Areas\Manager\Controllers\Inven_Controller.cs:line 65
   at lambda_method570(Closure, Object, Object[])
   at Microsoft.AspNetCore.Mvc.Infrastructure.ActionMethodExecutor.SyncActionResultExecutor.Execute(ActionContext actionContext, IActionResultTypeMapper mapper, ObjectMethodExecutor executor, Object controller, Object[] arguments)
   at Microsoft.AspNetCore.Mvc.Infrastructure.ControllerActionInvoker.InvokeActionMethodAsync()
   at Microsoft.AspNetCore.Mvc.Infrastructure.ControllerActionInvoker.Next(State& next, Scope& scope, Object& state, Boolean& isCompleted)
   at Microsoft.AspNetCore.Mvc.Infrastructure.ControllerActionInvoker.InvokeNextActionFilterAsync()
--- End of stack trace from previous location ---
   at Microsoft.AspNetCore.Mvc.Infrastructure.ControllerActionInvoker.Rethrow(ActionExecutedContextSealed context)
   at Microsoft.AspNetCore.Mvc.Infrastructure.ControllerActionInvoker.Next(State& next, Scope& scope, Object& state, Boolean& isCompleted)
   at Microsoft.AspNetCore.Mvc.Infrastructure.ControllerActionInvoker.InvokeInnerFilterAsync()
--- End of stack trace from previous location ---
   at Microsoft.AspNetCore.Mvc.Infrastructure.ResourceInvoker.<InvokeNextResourceFilter>g__Awaited|25_0(ResourceInvoker invoker, Task lastTask, State next, Scope scope, Object state, Boolean isCompleted)
   at Microsoft.AspNetCore.Mvc.Infrastructure.ResourceInvoker.Rethrow(ResourceExecutedContextSealed context)
   at Microsoft.AspNetCore.Mvc.Infrastructure.ResourceInvoker.Next(State& next, Scope& scope, Object& state, Boolean& isCompleted)
   at Microsoft.AspNetCore.Mvc.Infrastructure.ResourceInvoker.InvokeFilterPipelineAsync()
--- End of stack trace from previous location ---
   at Microsoft.AspNetCore.Mvc.Infrastructure.ResourceInvoker.<InvokeAsync>g__Awaited|17_0(ResourceInvoker invoker, Task task, IDisposable scope)
   at Microsoft.AspNetCore.Mvc.Infrastructure.ResourceInvoker.<InvokeAsync>g__Awaited|17_0(ResourceInvoker invoker, Task task, IDisposable scope)
   at Microsoft.AspNetCore.Routing.EndpointMiddleware.<Invoke>g__AwaitRequestTask|6_0(Endpoint endpoint, Task requestTask, ILogger logger)
   at Microsoft.AspNetCore.Authorization.AuthorizationMiddleware.Invoke(HttpContext context)
   at Microsoft.AspNetCore.Authentication.AuthenticationMiddleware.Invoke(HttpContext context)
   at Microsoft.AspNetCore.Diagnostics.DeveloperExceptionPageMiddlewareImpl.Invoke(HttpContext context)
